Agent: aggregator
Return code: 0
Duration: 59.5s
============================================================
STDOUT:
Created `security_report.md` at `C:\Users\andre\Desktop\SecurityReviewSystem\state\scan_1772140433\security_report.md`.

**Summary:**
- 6 findings consolidated (2 HIGH, 2 MEDIUM, 2 LOW)
- No CRITICAL or INFO findings
- Key risks: self-analysis protection missing, no security audit logging, unpinned dependencies
- Backend, frontend, and secrets scans found no vulnerabilities

============================================================
STDERR:
[0m> build · minimax-m2.5-free

[0m
[0m→ [0mRead .agent-prompt.md
[0m
[0m← [0mWrite state\scan_1772140433\security_report.md
Wrote file successfully.
[0m
