Agent: compliance
Return code: 0
Duration: 114.4s
============================================================
STDOUT:
Let me examine the codebase to identify any compliance gaps that weren't caught by the specialized agents.
Based on my analysis of the codebase and previous findings, I've identified several compliance gaps. Let me write the findings file:
Created `findings_compliance.md` with 4 compliance gap findings:

1. **HIGH** - Self-Analysis Protection Missing (A01: Broken Access Control) - No protection against analyzing its own codebase, causing infinite recursion risk
2. **HIGH** - Missing Security Event Logging (A09: Security Logging) - No dedicated security audit trail or file access logging
3. **MEDIUM** - No Integrity Verification of External Tool (A08: Software Integrity) - OpenCode CLI not verified for tampering
4. **LOW** - Missing System Path Validation (A04: Insecure Design) - No deny-list for system-critical directories

============================================================
STDERR:
[0m> build · minimax-m2.5-free
[0m

[0m→ [0mRead .agent-prompt.md
[0m✱ [0mGlob "**/*.py"[90m in . · 9 matches[0m
[0m→ [0mRead main.py
[0m→ [0mRead config.py
[0m→ [0mRead orchestrator\opencode_client.py
[0m→ [0mRead orchestrator\nodes.py
[0m✱ [0mGrep "is_symlink|resolve\(\)|realpath"[90m in . · 1 match[0m
[0m[0m← [0mWrite state\scan_1772140433\findings_compliance.md

Wrote file successfully.

LSP errors detected in other files:
<diagnostics file="C:\Users\andre\Desktop\SecurityReviewSystem\orchestrator\opencode_client.py">
ERROR [69:20] No overloads for "__init__" match the provided arguments
ERROR [69:44] Argument of type "str | int" cannot be assigned to parameter "bufsize" of type "int" in function "__init__"
  Type "str | int" is not assignable to type "int"
    "str" is not assignable to "int"
ERROR [69:44] Argument of type "str | int" cannot be assigned to parameter "executable" of type "StrOrBytesPath | None" in function "__init__"
  Type "str | int" is not assignable to type "StrOrBytesPath | None"
    Type "int" is not assignable to type "StrOrBytesPath | None"
      "int" is not assignable to "str"
      "int" is not assignable to "bytes"
      "int" is incompatible with protocol "PathLike[str]"
        "__fspath__" is not present
      "int" is incompatible with protocol "PathLike[bytes]"
        "__fspath__" is not present
ERROR [69:44] Argument of type "str | int" cannot be assigned to parameter "stdin" of type "_FILE" in function "__init__"
  Type "str | int" is not assignable to type "_FILE"
    Type "str" is not assignable to type "_FILE"
      "str" is not assignable to "None"
      "str" is not assignable to "int"
      "str" is not assignable to "IO[Any]"
ERROR [69:44] Argument of type "str | int" cannot be assigned to parameter "stdout" of type "_FILE" in function "__init__"
  Type "str | int" is not assignable to type "_FILE"
    Type "str" is not assignable to type "_FILE"
      "str" is not assignable to "None"
      "str" is not assignable to "int"
      "str" is not assignable to "IO[Any]"
ERROR [69:44] Argument of type "str | int" cannot be assigned to parameter "stderr" of type "_FILE" in function "__init__"
  Type "str | int" is not assignable to type "_FILE"
    Type "str" is not assignable to type "_FILE"
      "str" is not assignable to "None"
      "str" is not assignable to "int"
      "str" is not assignable to "IO[Any]"
ERROR [69:44] Argument of type "str | int" cannot be assigned to parameter "preexec_fn" of type "(() -> object) | None" in function "__init__"
  Type "str | int" is not assignable to type "(() -> object) | None"
    Type "int" is not assignable to type "(() -> object) | None"
      Type "int" is not assignable to type "() -> object"
      "int" is not assignable to "None"
ERROR [69:44] Argument of type "str | int" cannot be assigned to parameter "close_fds" of type "bool" in function "__init__"
  Type "str | int" is not assignable to type "bool"
    "int" is not assignable to "bool"
ERROR [69:44] Argument of type "str | int" cannot be assigned to parameter "shell" of type "bool" in function "__init__"
  Type "str | int" is not assignable to type "bool"
    "int" is not assignable to "bool"
ERROR [69:44] Argument of type "str | int" cannot be assigned to parameter "cwd" of type "StrOrBytesPath | None" in function "__init__"
  Type "str | int" is not assignable to type "StrOrBytesPath | None"
    Type "int" is not assignable to type "StrOrBytesPath | None"
      "int" is not assignable to "str"
      "int" is not assignable to "bytes"
      "int" is incompatible with protocol "PathLike[str]"
        "__fspath__" is not present
      "int" is incompatible with protocol "PathLike[bytes]"
        "__fspath__" is not present
ERROR [69:44] Argument of type "str | int" cannot be assigned to parameter "env" of type "_ENV | None" in function "__init__"
  Type "str | int" is not assignable to type "_ENV | None"
    Type "int" is not assignable to type "_ENV | None"
      "int" is not assignable to "Mapping[str, str]"
      "int" is not assignable to "None"
ERROR [69:44] Argument of type "str | int" cannot be assigned to parameter "universal_newlines" of type "bool | None" in function "__init__"
  Type "str | int" is not assignable to type "bool | None"
    Type "int" is not assignable to type "bool | None"
      "int" is not assignable to "bool"
      "int" is not assignable to "None"
ERROR [69:44] Argument of type "str | int" cannot be assigned to parameter "creationflags" of type "int" in function "__init__"
  Type "str | int" is not assignable to type "int"
    "str" is not assignable to "int"
ERROR [69:44] Argument of type "str | int" cannot be assigned to parameter "restore_signals" of type "bool" in function "__init__"
  Type "str | int" is not assignable to type "bool"
    "int" is not assignable to "bool"
ERROR [69:44] Argument of type "str | int" cannot be assigned to parameter "start_new_session" of type "bool" in function "__init__"
  Type "str | int" is not assignable to type "bool"
    "int" is not assignable to "bool"
ERROR [69:44] Argument of type "str | int" cannot be assigned to parameter "pass_fds" of type "Collection[int]" in function "__init__"
  Type "str | int" is not assignable to type "Collection[int]"
    "int" is incompatible with protocol "Collection[int]"
      "__len__" is not present
      "__iter__" is not present
      "__contains__" is not present
ERROR [69:44] Argument of type "str | int" cannot be assigned to parameter "text" of type "bool | None" in function "__init__"
  Type "str | int" is not assignable to type "bool | None"
    Type "int" is not assignable to type "bool | None"
      "int" is not assignable to "bool"
      "int" is not assignable to "None"
ERROR [69:44] Argument of type "str | int" cannot be assigned to parameter "encoding" of type "str | None" in function "__init__"
  Type "str | int" is not assignable to type "str | None"
    Type "int" is not assignable to type "str | None"
      "int" is not assignable to "str"
      "int" is not assignable to "None"
ERROR [69:44] Argument of type "str | int" cannot be assigned to parameter "errors" of type "str | None" in function "__init__"
  Type "str | int" is not assignable to type "str | None"
    Type "int" is not assignable to type "str | None"
      "int" is not assignable to "str"
      "int" is not assignable to "None"
ERROR [69:44] Argument of type "str | int" cannot be assigned to parameter "extra_groups" of type "Iterable[str | int] | None" in function "__init__"
  Type "str | int" is not assignable to type "Iterable[str | int] | None"
    Type "int" is not assignable to type "Iterable[str | int] | None"
      "int" is incompatible with protocol "Iterable[str | int]"
        "__iter__" is not present
      "int" is not assignable to "None"
... and 6 more
</diagnostics>
[0m
