Agent: frontend_security
Return code: 0
Duration: 42.1s
============================================================
STDOUT:
Let me first read the fingerprint.md file in the scan directory to identify the frontend source files:
Let me search for any frontend files in the repository:
Based on my analysis, this is a Python-based backend project (SecurityReviewSystem) with no frontend source code files (HTML, JS, TS, CSS, Vue, React). There are no frontend files to analyze for XSS, CORS, CSP, or other frontend vulnerabilities.

Let me write the findings file:
Done. I've analyzed the codebase and found no frontend source files (HTML, JS, TS, CSS, Vue, React). The SecurityReviewSystem is a Python-based backend orchestration system. Wrote findings to `findings_frontend.md` indicating no frontend vulnerabilities detected.

============================================================
STDERR:
[0m


[0m> build · minimax-m2.5-free[0m→ [0mRead .agent-prompt.md
[0m→ [0mRead state\scan_1772140433\fingerprint.md
[0m✱ [0mGlob "**/*.html"[90m in . · 0 matches[0m
[0m✱ [0mGlob "**/*.js"[90m in . · 0 matches[0m
[0m✱ [0mGlob "**/*.ts"[90m in . · 0 matches[0m
[0m✱ [0mGlob "**/*.tsx"[90m in . · 0 matches[0m
[0m✱ [0mGlob "**/*.css"[90m in . · 0 matches[0m
[0m✱ [0mGlob "**/*.vue"[90m in . · 0 matches[0m
[0m
[0m← [0mWrite state\scan_1772140433\findings_frontend.md
Wrote file successfully.

[0m